{"numFailedTestSuites":0,"numFailedTests":0,"numPassedTestSuites":5,"numPassedTests":73,"numPendingTestSuites":0,"numPendingTests":0,"numRuntimeErrorTestSuites":0,"numTodoTests":0,"numTotalTestSuites":5,"numTotalTests":73,"openHandles":[],"snapshot":{"added":0,"didUpdate":false,"failure":false,"filesAdded":0,"filesRemoved":0,"filesRemovedList":[],"filesUnmatched":0,"filesUpdated":0,"matched":0,"total":0,"unchecked":0,"uncheckedKeysByFile":[],"unmatched":0,"updated":0},"startTime":1701323046064,"success":true,"testResults":[{"assertionResults":[{"ancestorTitles":["Banner | Helpers","getBgBannerColor"],"duration":15,"failureDetails":[],"failureMessages":[],"fullName":"Banner | Helpers getBgBannerColor should convert \"grey\" and returns \"bg-grey-light\"","invocations":1,"location":null,"numPassingAsserts":1,"retryReasons":[],"status":"passed","title":"should convert \"grey\" and returns \"bg-grey-light\""},{"ancestorTitles":["Banner | Helpers","getBgBannerColor"],"duration":0,"failureDetails":[],"failureMessages":[],"fullName":"Banner | Helpers getBgBannerColor should convert \"green\" and returns \"bg-challenger-green\"","invocations":1,"location":null,"numPassingAsserts":1,"retryReasons":[],"status":"passed","title":"should convert \"green\" and returns \"bg-challenger-green\""},{"ancestorTitles":["Banner | Helpers","getBgBannerColor"],"duration":1,"failureDetails":[],"failureMessages":[],"fullName":"Banner | Helpers getBgBannerColor should convert \"white\" and returns \"bg-white\"","invocations":1,"location":null,"numPassingAsserts":1,"retryReasons":[],"status":"passed","title":"should convert \"white\" and returns \"bg-white\""},{"ancestorTitles":["Banner | Helpers","getBgBannerColor"],"duration":1,"failureDetails":[],"failureMessages":[],"fullName":"Banner | Helpers getBgBannerColor should convert \"navy\" and returns \"bg-bright-navy\"","invocations":1,"location":null,"numPassingAsserts":1,"retryReasons":[],"status":"passed","title":"should convert \"navy\" and returns \"bg-bright-navy\""},{"ancestorTitles":["Banner | Helpers","getBgBannerColor"],"duration":0,"failureDetails":[],"failureMessages":[],"fullName":"Banner | Helpers getBgBannerColor should convert \"\" and returns \"\"","invocations":1,"location":null,"numPassingAsserts":1,"retryReasons":[],"status":"passed","title":"should convert \"\" and returns \"\""},{"ancestorTitles":["Banner | Helpers","getBgBannerColor"],"duration":0,"failureDetails":[],"failureMessages":[],"fullName":"Banner | Helpers getBgBannerColor should convert \"random\" and returns \"\"","invocations":1,"location":null,"numPassingAsserts":1,"retryReasons":[],"status":"passed","title":"should convert \"random\" and returns \"\""},{"ancestorTitles":["Banner | Helpers","getBgBannerColor"],"duration":1,"failureDetails":[],"failureMessages":[],"fullName":"Banner | Helpers getBgBannerColor should convert \"GREY\" and returns \"bg-grey-light\"","invocations":1,"location":null,"numPassingAsserts":1,"retryReasons":[],"status":"passed","title":"should convert \"GREY\" and returns \"bg-grey-light\""},{"ancestorTitles":["Banner | Helpers","getBgBannerColor"],"duration":1,"failureDetails":[],"failureMessages":[],"fullName":"Banner | Helpers getBgBannerColor should convert \"gReY\" and returns \"bg-grey-light\"","invocations":1,"location":null,"numPassingAsserts":1,"retryReasons":[],"status":"passed","title":"should convert \"gReY\" and returns \"bg-grey-light\""}],"endTime":1701323051040,"message":"","name":"C:\\dev\\SitecoreCloud\\src\\challenger\\src\\components\\Banner\\__tests__\\banner.helpers.test.ts","startTime":1701323048964,"status":"passed","summary":""},{"assertionResults":[{"ancestorTitles":["IconButton"],"duration":96,"failureDetails":[],"failureMessages":[],"fullName":"IconButton should render correctly","invocations":1,"location":null,"numPassingAsserts":2,"retryReasons":[],"status":"passed","title":"should render correctly"}],"endTime":1701323051753,"message":"","name":"C:\\dev\\SitecoreCloud\\src\\challenger\\src\\components\\IconButton\\__tests__\\IconButton.test.tsx","startTime":1701323048965,"status":"passed","summary":""},{"assertionResults":[{"ancestorTitles":["Button"],"duration":85,"failureDetails":[],"failureMessages":[],"fullName":"Button should render correctly","invocations":1,"location":null,"numPassingAsserts":1,"retryReasons":[],"status":"passed","title":"should render correctly"}],"endTime":1701323051756,"message":"","name":"C:\\dev\\SitecoreCloud\\src\\challenger\\src\\components\\Button\\__tests__\\Button.test.tsx","startTime":1701323048949,"status":"passed","summary":""},{"assertionResults":[{"ancestorTitles":["Icons"],"duration":47,"failureDetails":[],"failureMessages":[],"fullName":"Icons should render \"SearchIcon\" correctly","invocations":1,"location":null,"numPassingAsserts":1,"retryReasons":[],"status":"passed","title":"should render \"SearchIcon\" correctly"},{"ancestorTitles":["Icons"],"duration":6,"failureDetails":[],"failureMessages":[],"fullName":"Icons should render \"UserIcon\" correctly","invocations":1,"location":null,"numPassingAsserts":1,"retryReasons":[],"status":"passed","title":"should render \"UserIcon\" correctly"},{"ancestorTitles":["Icons"],"duration":5,"failureDetails":[],"failureMessages":[],"fullName":"Icons should render \"ChevronDownIcon\" correctly","invocations":1,"location":null,"numPassingAsserts":1,"retryReasons":[],"status":"passed","title":"should render \"ChevronDownIcon\" correctly"},{"ancestorTitles":["Icons"],"duration":4,"failureDetails":[],"failureMessages":[],"fullName":"Icons should render \"ChevronUpIcon\" correctly","invocations":1,"location":null,"numPassingAsserts":1,"retryReasons":[],"status":"passed","title":"should render \"ChevronUpIcon\" correctly"},{"ancestorTitles":["Icons"],"duration":5,"failureDetails":[],"failureMessages":[],"fullName":"Icons should render \"ChevronLeftIcon\" correctly","invocations":1,"location":null,"numPassingAsserts":1,"retryReasons":[],"status":"passed","title":"should render \"ChevronLeftIcon\" correctly"},{"ancestorTitles":["Icons"],"duration":4,"failureDetails":[],"failureMessages":[],"fullName":"Icons should render \"ChevronRightIcon\" correctly","invocations":1,"location":null,"numPassingAsserts":1,"retryReasons":[],"status":"passed","title":"should render \"ChevronRightIcon\" correctly"},{"ancestorTitles":["Icons"],"duration":4,"failureDetails":[],"failureMessages":[],"fullName":"Icons should render \"ArrowDownIcon\" correctly","invocations":1,"location":null,"numPassingAsserts":1,"retryReasons":[],"status":"passed","title":"should render \"ArrowDownIcon\" correctly"},{"ancestorTitles":["Icons"],"duration":4,"failureDetails":[],"failureMessages":[],"fullName":"Icons should render \"ArrowUpIcon\" correctly","invocations":1,"location":null,"numPassingAsserts":1,"retryReasons":[],"status":"passed","title":"should render \"ArrowUpIcon\" correctly"},{"ancestorTitles":["Icons"],"duration":6,"failureDetails":[],"failureMessages":[],"fullName":"Icons should render \"ArrowLeftIcon\" correctly","invocations":1,"location":null,"numPassingAsserts":1,"retryReasons":[],"status":"passed","title":"should render \"ArrowLeftIcon\" correctly"},{"ancestorTitles":["Icons"],"duration":4,"failureDetails":[],"failureMessages":[],"fullName":"Icons should render \"ArrowRightIcon\" correctly","invocations":1,"location":null,"numPassingAsserts":1,"retryReasons":[],"status":"passed","title":"should render \"ArrowRightIcon\" correctly"},{"ancestorTitles":["Icons"],"duration":4,"failureDetails":[],"failureMessages":[],"fullName":"Icons should render \"CloseIcon\" correctly","invocations":1,"location":null,"numPassingAsserts":1,"retryReasons":[],"status":"passed","title":"should render \"CloseIcon\" correctly"},{"ancestorTitles":["Icons"],"duration":5,"failureDetails":[],"failureMessages":[],"fullName":"Icons should render \"CheckIcon\" correctly","invocations":1,"location":null,"numPassingAsserts":1,"retryReasons":[],"status":"passed","title":"should render \"CheckIcon\" correctly"},{"ancestorTitles":["Icons"],"duration":5,"failureDetails":[],"failureMessages":[],"fullName":"Icons should render \"EyeOpenIcon\" correctly","invocations":1,"location":null,"numPassingAsserts":1,"retryReasons":[],"status":"passed","title":"should render \"EyeOpenIcon\" correctly"},{"ancestorTitles":["Icons"],"duration":2,"failureDetails":[],"failureMessages":[],"fullName":"Icons should render \"EyeHideIcon\" correctly","invocations":1,"location":null,"numPassingAsserts":1,"retryReasons":[],"status":"passed","title":"should render \"EyeHideIcon\" correctly"},{"ancestorTitles":["Icons"],"duration":3,"failureDetails":[],"failureMessages":[],"fullName":"Icons should render \"CalendarIcon\" correctly","invocations":1,"location":null,"numPassingAsserts":1,"retryReasons":[],"status":"passed","title":"should render \"CalendarIcon\" correctly"},{"ancestorTitles":["Icons"],"duration":3,"failureDetails":[],"failureMessages":[],"fullName":"Icons should render \"TimerIcon\" correctly","invocations":1,"location":null,"numPassingAsserts":1,"retryReasons":[],"status":"passed","title":"should render \"TimerIcon\" correctly"},{"ancestorTitles":["Icons"],"duration":3,"failureDetails":[],"failureMessages":[],"fullName":"Icons should render \"ExternalLinkIcon\" correctly","invocations":1,"location":null,"numPassingAsserts":1,"retryReasons":[],"status":"passed","title":"should render \"ExternalLinkIcon\" correctly"},{"ancestorTitles":["Icons"],"duration":2,"failureDetails":[],"failureMessages":[],"fullName":"Icons should render \"DownloadIcon\" correctly","invocations":1,"location":null,"numPassingAsserts":1,"retryReasons":[],"status":"passed","title":"should render \"DownloadIcon\" correctly"},{"ancestorTitles":["Icons"],"duration":4,"failureDetails":[],"failureMessages":[],"fullName":"Icons should render \"ContentIcon\" correctly","invocations":1,"location":null,"numPassingAsserts":1,"retryReasons":[],"status":"passed","title":"should render \"ContentIcon\" correctly"},{"ancestorTitles":["Icons"],"duration":2,"failureDetails":[],"failureMessages":[],"fullName":"Icons should render \"PlayIcon\" correctly","invocations":1,"location":null,"numPassingAsserts":1,"retryReasons":[],"status":"passed","title":"should render \"PlayIcon\" correctly"},{"ancestorTitles":["Icons"],"duration":3,"failureDetails":[],"failureMessages":[],"fullName":"Icons should render \"CoinIcon\" correctly","invocations":1,"location":null,"numPassingAsserts":1,"retryReasons":[],"status":"passed","title":"should render \"CoinIcon\" correctly"},{"ancestorTitles":["Icons"],"duration":2,"failureDetails":[],"failureMessages":[],"fullName":"Icons should render \"ChartBarIcon\" correctly","invocations":1,"location":null,"numPassingAsserts":1,"retryReasons":[],"status":"passed","title":"should render \"ChartBarIcon\" correctly"},{"ancestorTitles":["Icons"],"duration":2,"failureDetails":[],"failureMessages":[],"fullName":"Icons should render \"ChartPieIcon\" correctly","invocations":1,"location":null,"numPassingAsserts":1,"retryReasons":[],"status":"passed","title":"should render \"ChartPieIcon\" correctly"},{"ancestorTitles":["Icons"],"duration":2,"failureDetails":[],"failureMessages":[],"fullName":"Icons should render \"CommentIcon\" correctly","invocations":1,"location":null,"numPassingAsserts":1,"retryReasons":[],"status":"passed","title":"should render \"CommentIcon\" correctly"},{"ancestorTitles":["Icons"],"duration":2,"failureDetails":[],"failureMessages":[],"fullName":"Icons should render \"ConnectIcon\" correctly","invocations":1,"location":null,"numPassingAsserts":1,"retryReasons":[],"status":"passed","title":"should render \"ConnectIcon\" correctly"},{"ancestorTitles":["Icons"],"duration":2,"failureDetails":[],"failureMessages":[],"fullName":"Icons should render \"ChatIcon\" correctly","invocations":1,"location":null,"numPassingAsserts":1,"retryReasons":[],"status":"passed","title":"should render \"ChatIcon\" correctly"},{"ancestorTitles":["Icons"],"duration":2,"failureDetails":[],"failureMessages":[],"fullName":"Icons should render \"CogIcon\" correctly","invocations":1,"location":null,"numPassingAsserts":1,"retryReasons":[],"status":"passed","title":"should render \"CogIcon\" correctly"},{"ancestorTitles":["Icons"],"duration":2,"failureDetails":[],"failureMessages":[],"fullName":"Icons should render \"DatabaseIcon\" correctly","invocations":1,"location":null,"numPassingAsserts":1,"retryReasons":[],"status":"passed","title":"should render \"DatabaseIcon\" correctly"},{"ancestorTitles":["Icons"],"duration":3,"failureDetails":[],"failureMessages":[],"fullName":"Icons should render \"EyeNoneIcon\" correctly","invocations":1,"location":null,"numPassingAsserts":1,"retryReasons":[],"status":"passed","title":"should render \"EyeNoneIcon\" correctly"},{"ancestorTitles":["Icons"],"duration":2,"failureDetails":[],"failureMessages":[],"fullName":"Icons should render \"GlassesIcon\" correctly","invocations":1,"location":null,"numPassingAsserts":1,"retryReasons":[],"status":"passed","title":"should render \"GlassesIcon\" correctly"},{"ancestorTitles":["Icons"],"duration":2,"failureDetails":[],"failureMessages":[],"fullName":"Icons should render \"GlobeIcon\" correctly","invocations":1,"location":null,"numPassingAsserts":1,"retryReasons":[],"status":"passed","title":"should render \"GlobeIcon\" correctly"},{"ancestorTitles":["Icons"],"duration":2,"failureDetails":[],"failureMessages":[],"fullName":"Icons should render \"UmbrellaIcon\" correctly","invocations":1,"location":null,"numPassingAsserts":1,"retryReasons":[],"status":"passed","title":"should render \"UmbrellaIcon\" correctly"},{"ancestorTitles":["Icons"],"duration":1,"failureDetails":[],"failureMessages":[],"fullName":"Icons should render \"SuitcaseIcon\" correctly","invocations":1,"location":null,"numPassingAsserts":1,"retryReasons":[],"status":"passed","title":"should render \"SuitcaseIcon\" correctly"},{"ancestorTitles":["Icons"],"duration":2,"failureDetails":[],"failureMessages":[],"fullName":"Icons should render \"PlaneIcon\" correctly","invocations":1,"location":null,"numPassingAsserts":1,"retryReasons":[],"status":"passed","title":"should render \"PlaneIcon\" correctly"},{"ancestorTitles":["Icons"],"duration":2,"failureDetails":[],"failureMessages":[],"fullName":"Icons should render \"PersonIcon\" correctly","invocations":1,"location":null,"numPassingAsserts":1,"retryReasons":[],"status":"passed","title":"should render \"PersonIcon\" correctly"},{"ancestorTitles":["Icons"],"duration":2,"failureDetails":[],"failureMessages":[],"fullName":"Icons should render \"HomeIcon\" correctly","invocations":1,"location":null,"numPassingAsserts":1,"retryReasons":[],"status":"passed","title":"should render \"HomeIcon\" correctly"},{"ancestorTitles":["Icons"],"duration":2,"failureDetails":[],"failureMessages":[],"fullName":"Icons should render \"LightIcon\" correctly","invocations":1,"location":null,"numPassingAsserts":1,"retryReasons":[],"status":"passed","title":"should render \"LightIcon\" correctly"},{"ancestorTitles":["Icons"],"duration":2,"failureDetails":[],"failureMessages":[],"fullName":"Icons should render \"LockIcon\" correctly","invocations":1,"location":null,"numPassingAsserts":1,"retryReasons":[],"status":"passed","title":"should render \"LockIcon\" correctly"},{"ancestorTitles":["Icons"],"duration":2,"failureDetails":[],"failureMessages":[],"fullName":"Icons should render \"MailIcon\" correctly","invocations":1,"location":null,"numPassingAsserts":1,"retryReasons":[],"status":"passed","title":"should render \"MailIcon\" correctly"},{"ancestorTitles":["Icons"],"duration":1,"failureDetails":[],"failureMessages":[],"fullName":"Icons should render \"MapMarkerIcon\" correctly","invocations":1,"location":null,"numPassingAsserts":1,"retryReasons":[],"status":"passed","title":"should render \"MapMarkerIcon\" correctly"},{"ancestorTitles":["Icons"],"duration":2,"failureDetails":[],"failureMessages":[],"fullName":"Icons should render \"MapIcon\" correctly","invocations":1,"location":null,"numPassingAsserts":1,"retryReasons":[],"status":"passed","title":"should render \"MapIcon\" correctly"},{"ancestorTitles":["Icons"],"duration":2,"failureDetails":[],"failureMessages":[],"fullName":"Icons should render \"PhoneIcon\" correctly","invocations":1,"location":null,"numPassingAsserts":1,"retryReasons":[],"status":"passed","title":"should render \"PhoneIcon\" correctly"},{"ancestorTitles":["Icons"],"duration":3,"failureDetails":[],"failureMessages":[],"fullName":"Icons should render \"ApplyIcon\" correctly","invocations":1,"location":null,"numPassingAsserts":1,"retryReasons":[],"status":"passed","title":"should render \"ApplyIcon\" correctly"},{"ancestorTitles":["Icons"],"duration":1,"failureDetails":[],"failureMessages":[],"fullName":"Icons should render \"NoteIcon\" correctly","invocations":1,"location":null,"numPassingAsserts":1,"retryReasons":[],"status":"passed","title":"should render \"NoteIcon\" correctly"},{"ancestorTitles":["Icons"],"duration":2,"failureDetails":[],"failureMessages":[],"fullName":"Icons should render \"SearchUserIcon\" correctly","invocations":1,"location":null,"numPassingAsserts":1,"retryReasons":[],"status":"passed","title":"should render \"SearchUserIcon\" correctly"},{"ancestorTitles":["Icons"],"duration":2,"failureDetails":[],"failureMessages":[],"fullName":"Icons should render \"SearchListIcon\" correctly","invocations":1,"location":null,"numPassingAsserts":1,"retryReasons":[],"status":"passed","title":"should render \"SearchListIcon\" correctly"},{"ancestorTitles":["Icons"],"duration":2,"failureDetails":[],"failureMessages":[],"fullName":"Icons should render \"UserFilledIcon\" correctly","invocations":1,"location":null,"numPassingAsserts":1,"retryReasons":[],"status":"passed","title":"should render \"UserFilledIcon\" correctly"},{"ancestorTitles":["Icons"],"duration":3,"failureDetails":[],"failureMessages":[],"fullName":"Icons should render \"PuzzleIcon\" correctly","invocations":1,"location":null,"numPassingAsserts":1,"retryReasons":[],"status":"passed","title":"should render \"PuzzleIcon\" correctly"},{"ancestorTitles":["Icons"],"duration":2,"failureDetails":[],"failureMessages":[],"fullName":"Icons should render \"BoxCheckIcon\" correctly","invocations":1,"location":null,"numPassingAsserts":1,"retryReasons":[],"status":"passed","title":"should render \"BoxCheckIcon\" correctly"},{"ancestorTitles":["Icons"],"duration":2,"failureDetails":[],"failureMessages":[],"fullName":"Icons should render social \"FacebookIcon\" correctly","invocations":1,"location":null,"numPassingAsserts":1,"retryReasons":[],"status":"passed","title":"should render social \"FacebookIcon\" correctly"},{"ancestorTitles":["Icons"],"duration":2,"failureDetails":[],"failureMessages":[],"fullName":"Icons should render social \"XIcon\" correctly","invocations":1,"location":null,"numPassingAsserts":1,"retryReasons":[],"status":"passed","title":"should render social \"XIcon\" correctly"},{"ancestorTitles":["Icons"],"duration":2,"failureDetails":[],"failureMessages":[],"fullName":"Icons should render social \"InstagramIcon\" correctly","invocations":1,"location":null,"numPassingAsserts":1,"retryReasons":[],"status":"passed","title":"should render social \"InstagramIcon\" correctly"},{"ancestorTitles":["Icons"],"duration":2,"failureDetails":[],"failureMessages":[],"fullName":"Icons should render social \"TwitterIcon\" correctly","invocations":1,"location":null,"numPassingAsserts":1,"retryReasons":[],"status":"passed","title":"should render social \"TwitterIcon\" correctly"},{"ancestorTitles":["Icons"],"duration":2,"failureDetails":[],"failureMessages":[],"fullName":"Icons should render social \"LinkedInIcon\" correctly","invocations":1,"location":null,"numPassingAsserts":1,"retryReasons":[],"status":"passed","title":"should render social \"LinkedInIcon\" correctly"}],"endTime":1701323051883,"message":"","name":"C:\\dev\\SitecoreCloud\\src\\challenger\\src\\components\\Icons\\__tests__\\icons.test.tsx","startTime":1701323048965,"status":"passed","summary":""},{"assertionResults":[{"ancestorTitles":["Banner"],"duration":564,"failureDetails":[],"failureMessages":[],"fullName":"Banner should render \"template1\" correctly","invocations":1,"location":null,"numPassingAsserts":3,"retryReasons":[],"status":"passed","title":"should render \"template1\" correctly"},{"ancestorTitles":["Banner"],"duration":46,"failureDetails":[],"failureMessages":[],"fullName":"Banner should render \"template2\" correctly","invocations":1,"location":null,"numPassingAsserts":3,"retryReasons":[],"status":"passed","title":"should render \"template2\" correctly"},{"ancestorTitles":["Banner"],"duration":66,"failureDetails":[],"failureMessages":[],"fullName":"Banner should render \"template3\" correctly","invocations":1,"location":null,"numPassingAsserts":3,"retryReasons":[],"status":"passed","title":"should render \"template3\" correctly"},{"ancestorTitles":["Banner"],"duration":27,"failureDetails":[],"failureMessages":[],"fullName":"Banner should render \"template4\" correctly","invocations":1,"location":null,"numPassingAsserts":3,"retryReasons":[],"status":"passed","title":"should render \"template4\" correctly"},{"ancestorTitles":["Banner"],"duration":45,"failureDetails":[],"failureMessages":[],"fullName":"Banner should render \"template6\" correctly","invocations":1,"location":null,"numPassingAsserts":3,"retryReasons":[],"status":"passed","title":"should render \"template6\" correctly"},{"ancestorTitles":["Banner"],"duration":48,"failureDetails":[],"failureMessages":[],"fullName":"Banner should render \"template7\" correctly","invocations":1,"location":null,"numPassingAsserts":3,"retryReasons":[],"status":"passed","title":"should render \"template7\" correctly"},{"ancestorTitles":["Banner"],"duration":46,"failureDetails":[],"failureMessages":[],"fullName":"Banner should render \"template8\" correctly","invocations":1,"location":null,"numPassingAsserts":3,"retryReasons":[],"status":"passed","title":"should render \"template8\" correctly"},{"ancestorTitles":["Banner"],"duration":15,"failureDetails":[],"failureMessages":[],"fullName":"Banner should render correct heading level","invocations":1,"location":null,"numPassingAsserts":1,"retryReasons":[],"status":"passed","title":"should render correct heading level"},{"ancestorTitles":["Banner"],"duration":54,"failureDetails":[],"failureMessages":[],"fullName":"Banner should render loader when it is busy","invocations":1,"location":null,"numPassingAsserts":1,"retryReasons":[],"status":"passed","title":"should render loader when it is busy"}],"endTime":1701323052370,"message":"","name":"C:\\dev\\SitecoreCloud\\src\\challenger\\src\\components\\Banner\\__tests__\\Banner.test.tsx","startTime":1701323048940,"status":"passed","summary":""}],"wasInterrupted":false}
